<?xml version="1.0" encoding="UTF-8"?>
<!-- Generated by org.testng.reporters.JUnitReportReporter -->
<testsuite hostname="admin-PC" name="ApplicationDataTest.RunnerTest" tests="1" failures="0" timestamp="4 Sep 2018 15:47:08 GMT" time="4.602" errors="0">
  <testcase name="run_cukes" time="4.602" classname="ApplicationDataTest.RunnerTest"/>
</testsuite> <!-- ApplicationDataTest.RunnerTest -->
